{"total": {"lines":{"total":1525,"covered":1193,"skipped":0,"pct":78.22},"statements":{"total":1525,"covered":1193,"skipped":0,"pct":78.22},"functions":{"total":52,"covered":44,"skipped":0,"pct":84.61},"branches":{"total":242,"covered":173,"skipped":0,"pct":71.48},"branchesTrue":{"total":0,"covered":0,"skipped":0,"pct":100}}
,"C:\\cartMindAi\\apps\\api\\src\\app.ts": {"lines":{"total":16,"covered":16,"skipped":0,"pct":100},"functions":{"total":1,"covered":1,"skipped":0,"pct":100},"statements":{"total":16,"covered":16,"skipped":0,"pct":100},"branches":{"total":1,"covered":1,"skipped":0,"pct":100}}
,"C:\\cartMindAi\\apps\\api\\src\\db\\pool.ts": {"lines":{"total":2,"covered":2,"skipped":0,"pct":100},"functions":{"total":0,"covered":0,"skipped":0,"pct":100},"statements":{"total":2,"covered":2,"skipped":0,"pct":100},"branches":{"total":0,"covered":0,"skipped":0,"pct":100}}
,"C:\\cartMindAi\\apps\\api\\src\\lib\\gemini.ts": {"lines":{"total":68,"covered":22,"skipped":0,"pct":32.35},"functions":{"total":2,"covered":2,"skipped":0,"pct":100},"statements":{"total":68,"covered":22,"skipped":0,"pct":32.35},"branches":{"total":8,"covered":2,"skipped":0,"pct":25}}
,"C:\\cartMindAi\\apps\\api\\src\\lib\\insightContext.ts": {"lines":{"total":49,"covered":41,"skipped":0,"pct":83.67},"functions":{"total":3,"covered":1,"skipped":0,"pct":33.33},"statements":{"total":49,"covered":41,"skipped":0,"pct":83.67},"branches":{"total":5,"covered":4,"skipped":0,"pct":80}}
,"C:\\cartMindAi\\apps\\api\\src\\lib\\jwt.ts": {"lines":{"total":12,"covered":10,"skipped":0,"pct":83.33},"functions":{"total":2,"covered":2,"skipped":0,"pct":100},"statements":{"total":12,"covered":10,"skipped":0,"pct":83.33},"branches":{"total":3,"covered":2,"skipped":0,"pct":66.66}}
,"C:\\cartMindAi\\apps\\api\\src\\lib\\recommendations.ts": {"lines":{"total":128,"covered":76,"skipped":0,"pct":59.37},"functions":{"total":2,"covered":2,"skipped":0,"pct":100},"statements":{"total":128,"covered":76,"skipped":0,"pct":59.37},"branches":{"total":21,"covered":16,"skipped":0,"pct":76.19}}
,"C:\\cartMindAi\\apps\\api\\src\\lib\\stores.ts": {"lines":{"total":117,"covered":79,"skipped":0,"pct":67.52},"functions":{"total":3,"covered":1,"skipped":0,"pct":33.33},"statements":{"total":117,"covered":79,"skipped":0,"pct":67.52},"branches":{"total":2,"covered":2,"skipped":0,"pct":100}}
,"C:\\cartMindAi\\apps\\api\\src\\lib\\ml\\kmeans.ts": {"lines":{"total":62,"covered":60,"skipped":0,"pct":96.77},"functions":{"total":4,"covered":4,"skipped":0,"pct":100},"statements":{"total":62,"covered":60,"skipped":0,"pct":96.77},"branches":{"total":10,"covered":8,"skipped":0,"pct":80}}
,"C:\\cartMindAi\\apps\\api\\src\\lib\\ml\\predict.ts": {"lines":{"total":38,"covered":38,"skipped":0,"pct":100},"functions":{"total":4,"covered":4,"skipped":0,"pct":100},"statements":{"total":38,"covered":38,"skipped":0,"pct":100},"branches":{"total":10,"covered":10,"skipped":0,"pct":100}}
,"C:\\cartMindAi\\apps\\api\\src\\lib\\ml\\pythonScores.ts": {"lines":{"total":55,"covered":38,"skipped":0,"pct":69.09},"functions":{"total":2,"covered":1,"skipped":0,"pct":50},"statements":{"total":55,"covered":38,"skipped":0,"pct":69.09},"branches":{"total":7,"covered":1,"skipped":0,"pct":14.28}}
,"C:\\cartMindAi\\apps\\api\\src\\lib\\ml\\scoring.ts": {"lines":{"total":203,"covered":154,"skipped":0,"pct":75.86},"functions":{"total":7,"covered":6,"skipped":0,"pct":85.71},"statements":{"total":203,"covered":154,"skipped":0,"pct":75.86},"branches":{"total":21,"covered":17,"skipped":0,"pct":80.95}}
,"C:\\cartMindAi\\apps\\api\\src\\middleware\\auth.ts": {"lines":{"total":28,"covered":25,"skipped":0,"pct":89.28},"functions":{"total":2,"covered":2,"skipped":0,"pct":100},"statements":{"total":28,"covered":25,"skipped":0,"pct":89.28},"branches":{"total":12,"covered":11,"skipped":0,"pct":91.66}}
,"C:\\cartMindAi\\apps\\api\\src\\middleware\\errorHandler.ts": {"lines":{"total":11,"covered":2,"skipped":0,"pct":18.18},"functions":{"total":1,"covered":0,"skipped":0,"pct":0},"statements":{"total":11,"covered":2,"skipped":0,"pct":18.18},"branches":{"total":0,"covered":0,"skipped":0,"pct":100}}
,"C:\\cartMindAi\\apps\\api\\src\\middleware\\optionalAuth.ts": {"lines":{"total":12,"covered":7,"skipped":0,"pct":58.33},"functions":{"total":1,"covered":1,"skipped":0,"pct":100},"statements":{"total":12,"covered":7,"skipped":0,"pct":58.33},"branches":{"total":4,"covered":1,"skipped":0,"pct":25}}
,"C:\\cartMindAi\\apps\\api\\src\\routes\\admin.dashboard.ts": {"lines":{"total":81,"covered":81,"skipped":0,"pct":100},"functions":{"total":5,"covered":5,"skipped":0,"pct":100},"statements":{"total":81,"covered":81,"skipped":0,"pct":100},"branches":{"total":22,"covered":16,"skipped":0,"pct":72.72}}
,"C:\\cartMindAi\\apps\\api\\src\\routes\\admin.dashboardBuilder.ts": {"lines":{"total":34,"covered":26,"skipped":0,"pct":76.47},"functions":{"total":2,"covered":2,"skipped":0,"pct":100},"statements":{"total":34,"covered":26,"skipped":0,"pct":76.47},"branches":{"total":6,"covered":5,"skipped":0,"pct":83.33}}
,"C:\\cartMindAi\\apps\\api\\src\\routes\\admin.route.ts": {"lines":{"total":52,"covered":43,"skipped":0,"pct":82.69},"functions":{"total":0,"covered":0,"skipped":0,"pct":100},"statements":{"total":52,"covered":43,"skipped":0,"pct":82.69},"branches":{"total":12,"covered":8,"skipped":0,"pct":66.66}}
,"C:\\cartMindAi\\apps\\api\\src\\routes\\auth.route.ts": {"lines":{"total":90,"covered":78,"skipped":0,"pct":86.66},"functions":{"total":1,"covered":1,"skipped":0,"pct":100},"statements":{"total":90,"covered":78,"skipped":0,"pct":86.66},"branches":{"total":17,"covered":11,"skipped":0,"pct":64.7}}
,"C:\\cartMindAi\\apps\\api\\src\\routes\\banners.route.ts": {"lines":{"total":23,"covered":21,"skipped":0,"pct":91.3},"functions":{"total":1,"covered":1,"skipped":0,"pct":100},"statements":{"total":23,"covered":21,"skipped":0,"pct":91.3},"branches":{"total":3,"covered":2,"skipped":0,"pct":66.66}}
,"C:\\cartMindAi\\apps\\api\\src\\routes\\events.route.ts": {"lines":{"total":47,"covered":25,"skipped":0,"pct":53.19},"functions":{"total":0,"covered":0,"skipped":0,"pct":100},"statements":{"total":47,"covered":25,"skipped":0,"pct":53.19},"branches":{"total":6,"covered":4,"skipped":0,"pct":66.66}}
,"C:\\cartMindAi\\apps\\api\\src\\routes\\health.route.ts": {"lines":{"total":17,"covered":17,"skipped":0,"pct":100},"functions":{"total":0,"covered":0,"skipped":0,"pct":100},"statements":{"total":17,"covered":17,"skipped":0,"pct":100},"branches":{"total":5,"covered":5,"skipped":0,"pct":100}}
,"C:\\cartMindAi\\apps\\api\\src\\routes\\orders.route.ts": {"lines":{"total":198,"covered":174,"skipped":0,"pct":87.87},"functions":{"total":3,"covered":3,"skipped":0,"pct":100},"statements":{"total":198,"covered":174,"skipped":0,"pct":87.87},"branches":{"total":31,"covered":21,"skipped":0,"pct":67.74}}
,"C:\\cartMindAi\\apps\\api\\src\\routes\\products.route.ts": {"lines":{"total":137,"covered":125,"skipped":0,"pct":91.24},"functions":{"total":2,"covered":2,"skipped":0,"pct":100},"statements":{"total":137,"covered":125,"skipped":0,"pct":91.24},"branches":{"total":31,"covered":23,"skipped":0,"pct":74.19}}
,"C:\\cartMindAi\\apps\\api\\src\\services\\events.service.ts": {"lines":{"total":37,"covered":25,"skipped":0,"pct":67.56},"functions":{"total":2,"covered":1,"skipped":0,"pct":50},"statements":{"total":37,"covered":25,"skipped":0,"pct":67.56},"branches":{"total":3,"covered":1,"skipped":0,"pct":33.33}}
,"C:\\cartMindAi\\apps\\api\\src\\utils\\response.ts": {"lines":{"total":8,"covered":8,"skipped":0,"pct":100},"functions":{"total":2,"covered":2,"skipped":0,"pct":100},"statements":{"total":8,"covered":8,"skipped":0,"pct":100},"branches":{"total":2,"covered":2,"skipped":0,"pct":100}}
}
